Using pre-set license
Built from '2020.3/release' branch; Version is '2020.3.2f1 (8fd9074bf66c) revision 9427207'; Using compiler version '192528614'; Build Type 'Release'
OS: 'Windows 10 Pro; OS build 19041.867; Version 2004; 64bit' Language: 'en' Physical Memory: 32613 MB
BatchMode: 1, IsHumanControllingUs: 0, StartBugReporterOnCrash: 0, Is64bit: 1, IsPro: 0

 COMMAND LINE ARGUMENTS:
C:\Program Files\Unity\Hub\Editor\2020.3.2f1\Editor\Unity.exe
-adb2
-batchMode
-noUpm
-name
AssetImportWorker0
-projectPath
C:/Users/Vinicius/Downloads/bones-hunt
-logFile
Logs/AssetImportWorker0.log
-srvPort
<<<<<<< HEAD
57651
Successfully changed project path to: C:/Users/Vinicius/Downloads/bones-hunt
C:/Users/Vinicius/Downloads/bones-hunt
Using Asset Import Pipeline V2.
Refreshing native plugins compatible for Editor in 43.29 ms, found 1 plugins.
=======
59154
Successfully changed project path to: C:/Users/Vinicius/Downloads/bones-hunt
C:/Users/Vinicius/Downloads/bones-hunt
Using Asset Import Pipeline V2.
Refreshing native plugins compatible for Editor in 43.60 ms, found 1 plugins.
>>>>>>> 9e62278bf6dbc1d9ae6066865d1b8b3e85958bb2
Preloading 0 native plugins for Editor in 0.00 ms.
Initialize engine version: 2020.3.2f1 (8fd9074bf66c)
[Subsystems] Discovering subsystems at path C:/Program Files/Unity/Hub/Editor/2020.3.2f1/Editor/Data/Resources/UnitySubsystems
[Subsystems] Discovering subsystems at path C:/Users/Vinicius/Downloads/bones-hunt/Assets
GfxDevice: creating device client; threaded=0
Direct3D:
    Version:  Direct3D 11.0 [level 11.1]
    Renderer: NVIDIA GeForce GTX 1660 Ti (ID=0x2191)
    Vendor:   
    VRAM:     5991 MB
    Driver:   27.21.14.6089
Initialize mono
Mono path[0] = 'C:/Program Files/Unity/Hub/Editor/2020.3.2f1/Editor/Data/Managed'
Mono path[1] = 'C:/Program Files/Unity/Hub/Editor/2020.3.2f1/Editor/Data/MonoBleedingEdge/lib/mono/unityjit'
Mono config path = 'C:/Program Files/Unity/Hub/Editor/2020.3.2f1/Editor/Data/MonoBleedingEdge/etc'
<<<<<<< HEAD
Using monoOptions --debugger-agent=transport=dt_socket,embedding=1,server=y,suspend=n,address=127.0.0.1:56920
=======
Using monoOptions --debugger-agent=transport=dt_socket,embedding=1,server=y,suspend=n,address=127.0.0.1:56332
>>>>>>> 9e62278bf6dbc1d9ae6066865d1b8b3e85958bb2
Begin MonoManager ReloadAssembly
Registering precompiled unity dll's ...
Register platform support module: C:/Program Files/Unity/Hub/Editor/2020.3.2f1/Editor/Data/PlaybackEngines/WebGLSupport/UnityEditor.WebGL.Extensions.dll
Register platform support module: C:/Program Files/Unity/Hub/Editor/2020.3.2f1/Editor/Data/PlaybackEngines/WindowsStandaloneSupport/UnityEditor.WindowsStandalone.Extensions.dll
<<<<<<< HEAD
Registered in 0.002184 seconds.
Native extension for WindowsStandalone target not found
Native extension for WebGL target not found
Refreshing native plugins compatible for Editor in 42.81 ms, found 1 plugins.
=======
Registered in 0.002151 seconds.
Native extension for WindowsStandalone target not found
Native extension for WebGL target not found
Refreshing native plugins compatible for Editor in 43.52 ms, found 1 plugins.
>>>>>>> 9e62278bf6dbc1d9ae6066865d1b8b3e85958bb2
Preloading 0 native plugins for Editor in 0.00 ms.
Invoked RoslynAnalysisRunner static constructor.
RoslynAnalysisRunner will not be running.
RoslynAnalysisRunner has terminated.
Mono: successfully reloaded assembly
<<<<<<< HEAD
- Completed reload, in  1.259 seconds
Platform modules already initialized, skipping
Registering precompiled user dll's ...
Registered in 0.001014 seconds.
Begin MonoManager ReloadAssembly
Native extension for WindowsStandalone target not found
Native extension for WebGL target not found
Refreshing native plugins compatible for Editor in 44.15 ms, found 1 plugins.
=======
- Completed reload, in  1.242 seconds
Platform modules already initialized, skipping
Registering precompiled user dll's ...
Registered in 0.000938 seconds.
Begin MonoManager ReloadAssembly
Native extension for WindowsStandalone target not found
Native extension for WebGL target not found
Refreshing native plugins compatible for Editor in 40.55 ms, found 1 plugins.
>>>>>>> 9e62278bf6dbc1d9ae6066865d1b8b3e85958bb2
Preloading 0 native plugins for Editor in 0.00 ms.
Invoked RoslynAnalysisRunner static constructor.
RoslynAnalysisRunner will not be running.
RoslynAnalysisRunner has terminated.
Mono: successfully reloaded assembly
<<<<<<< HEAD
- Completed reload, in  1.067 seconds
=======
- Completed reload, in  1.035 seconds
>>>>>>> 9e62278bf6dbc1d9ae6066865d1b8b3e85958bb2
Platform modules already initialized, skipping
========================================================================
Worker process is ready to serve import requests
Launched and connected shader compiler UnityShaderCompiler.exe after 0.05 seconds
<<<<<<< HEAD
Refreshing native plugins compatible for Editor in 0.37 ms, found 1 plugins.
=======
Refreshing native plugins compatible for Editor in 0.40 ms, found 1 plugins.
>>>>>>> 9e62278bf6dbc1d9ae6066865d1b8b3e85958bb2
Preloading 0 native plugins for Editor in 0.00 ms.
Unloading 1814 Unused Serialized files (Serialized files now loaded: 0)
System memory in use before: 85.1 MB.
System memory in use after: 85.0 MB.

<<<<<<< HEAD
Unloading 24 unused Assets to reduce memory usage. Loaded Objects now: 2255.
Total: 2.662300 ms (FindLiveObjects: 0.260600 ms CreateObjectMapping: 0.202200 ms MarkObjects: 2.051400 ms  DeleteObjects: 0.147000 ms)

========================================================================
Received Import Request.
  path: Assets/Sprites/DogAnimation
  artifactKey: Guid(e3173feef57538f4680376d6f66b8aaa) Importer(815301076,1909f56bfc062723c751e8b465ee728b)
Start importing Assets/Sprites/DogAnimation using Guid(e3173feef57538f4680376d6f66b8aaa) Importer(815301076,1909f56bfc062723c751e8b465ee728b)  -> (artifact id: 'c1105ddea19e3b0addbca8f4618d83b6') in 0.010558 seconds
  Import took 0.013989 seconds .

========================================================================
Received Import Request.
  Time since last request: 0.000385 seconds.
  path: Assets/Sprites/SkeletonAnimation
  artifactKey: Guid(d8d422a81936b8b4bbd6ea9e759d0dab) Importer(815301076,1909f56bfc062723c751e8b465ee728b)
Start importing Assets/Sprites/SkeletonAnimation using Guid(d8d422a81936b8b4bbd6ea9e759d0dab) Importer(815301076,1909f56bfc062723c751e8b465ee728b)  -> (artifact id: 'a0bac6e8ca3e30e00b87e27907c7a7ee') in 0.008969 seconds
  Import took 0.015276 seconds .

========================================================================
Received Import Request.
  Time since last request: 1.980384 seconds.
  path: Assets/Sprites/Background.png
  artifactKey: Guid(845eb5ee1bbc52b4a8e9fea72fc7a8f8) Importer(815301076,1909f56bfc062723c751e8b465ee728b)
Start importing Assets/Sprites/Background.png using Guid(845eb5ee1bbc52b4a8e9fea72fc7a8f8) Importer(815301076,1909f56bfc062723c751e8b465ee728b)  -> (artifact id: 'c00eb96f51131665aa3aa066b4ec9ae1') in 0.130503 seconds
  Import took 0.133965 seconds .

========================================================================
Received Import Request.
  Time since last request: 6.605000 seconds.
  path: Assets/Sprites/Dog.png
  artifactKey: Guid(1167493bda8abb145b3c6ebb1c4462d4) Importer(815301076,1909f56bfc062723c751e8b465ee728b)
Start importing Assets/Sprites/Dog.png using Guid(1167493bda8abb145b3c6ebb1c4462d4) Importer(815301076,1909f56bfc062723c751e8b465ee728b)  -> (artifact id: '862079d7c3ed3db409ab64ac9870398e') in 0.059208 seconds
  Import took 0.062676 seconds .

========================================================================
Received Import Request.
  Time since last request: 9.588026 seconds.
  path: Assets/Sprites/Light.png
  artifactKey: Guid(b7ae1dcf9be5c4a46b969376a3bb1e68) Importer(815301076,1909f56bfc062723c751e8b465ee728b)
Start importing Assets/Sprites/Light.png using Guid(b7ae1dcf9be5c4a46b969376a3bb1e68) Importer(815301076,1909f56bfc062723c751e8b465ee728b)  -> (artifact id: 'c4ccd554b5b26001926480136db30a11') in 0.063959 seconds
  Import took 0.070622 seconds .

========================================================================
Received Import Request.
  Time since last request: 6.816061 seconds.
  path: Packages/com.unity.2d.spriteshape/Editor/ObjectMenuCreation/DefaultAssets/Sprite Shapes/Closed Sprite Shape.prefab
  artifactKey: Guid(c0583b4e855c74b8c82e7b9b5efb5ce9) Importer(815301076,1909f56bfc062723c751e8b465ee728b)
Start importing Packages/com.unity.2d.spriteshape/Editor/ObjectMenuCreation/DefaultAssets/Sprite Shapes/Closed Sprite Shape.prefab using Guid(c0583b4e855c74b8c82e7b9b5efb5ce9) Importer(815301076,1909f56bfc062723c751e8b465ee728b)  -> (artifact id: 'ea83731aaa0c1de56e8945b8614bc746') in 0.042563 seconds
  Import took 0.046177 seconds .
=======
Unloading 24 unused Assets to reduce memory usage. Loaded Objects now: 2257.
Total: 3.030100 ms (FindLiveObjects: 0.271900 ms CreateObjectMapping: 0.157000 ms MarkObjects: 2.425900 ms  DeleteObjects: 0.174000 ms)

========================================================================
Received Import Request.
  path: Assets/Sprites/Dog.png
  artifactKey: Guid(1167493bda8abb145b3c6ebb1c4462d4) Importer(815301076,1909f56bfc062723c751e8b465ee728b)
Start importing Assets/Sprites/Dog.png using Guid(1167493bda8abb145b3c6ebb1c4462d4) Importer(815301076,1909f56bfc062723c751e8b465ee728b)  -> (artifact id: 'd1ceef87d606701e3b526e2b7353c495') in 0.173804 seconds
  Import took 0.178136 seconds .

========================================================================
Received Import Request.
  Time since last request: 0.000423 seconds.
  path: Assets/Sprites/Light.png
  artifactKey: Guid(b7ae1dcf9be5c4a46b969376a3bb1e68) Importer(815301076,1909f56bfc062723c751e8b465ee728b)
Start importing Assets/Sprites/Light.png using Guid(b7ae1dcf9be5c4a46b969376a3bb1e68) Importer(815301076,1909f56bfc062723c751e8b465ee728b)  -> (artifact id: '592651f030087e436f62e318dc6d8fcc') in 0.024136 seconds
  Import took 0.027252 seconds .

========================================================================
Received Import Request.
  Time since last request: 1.773120 seconds.
  path: Assets/Sprites/Demos/Background.png
  artifactKey: Guid(7469a79253fa82a48a295a919913f13d) Importer(815301076,1909f56bfc062723c751e8b465ee728b)
Start importing Assets/Sprites/Demos/Background.png using Guid(7469a79253fa82a48a295a919913f13d) Importer(815301076,1909f56bfc062723c751e8b465ee728b)  -> (artifact id: 'c0fcf0f2f5d4138b1833227d3d4965f4') in 0.021575 seconds
  Import took 0.024984 seconds .

========================================================================
Received Import Request.
  Time since last request: 0.000343 seconds.
  path: Assets/Sprites/Demos/Maze.png
  artifactKey: Guid(661a32e1310391a47aa36d00ade2a3f8) Importer(815301076,1909f56bfc062723c751e8b465ee728b)
Start importing Assets/Sprites/Demos/Maze.png using Guid(661a32e1310391a47aa36d00ade2a3f8) Importer(815301076,1909f56bfc062723c751e8b465ee728b)  -> (artifact id: 'a20d31b03a0f8956398cda0aac4738a6') in 0.022407 seconds
  Import took 0.025936 seconds .

========================================================================
Received Import Request.
  Time since last request: 0.000374 seconds.
  path: Assets/Sprites/Demos/Menu.png
  artifactKey: Guid(75eafcae0ebc3bb47a7cfc49011e5ca8) Importer(815301076,1909f56bfc062723c751e8b465ee728b)
Start importing Assets/Sprites/Demos/Menu.png using Guid(75eafcae0ebc3bb47a7cfc49011e5ca8) Importer(815301076,1909f56bfc062723c751e8b465ee728b)  -> (artifact id: '3b339959b4f746ced9c1d95e7810f20e') in 0.020810 seconds
  Import took 0.024406 seconds .

========================================================================
Received Import Request.
  Time since last request: 0.000381 seconds.
  path: Assets/Sprites/Demos/Score.png
  artifactKey: Guid(b748860c613af334c965bdb4203a3401) Importer(815301076,1909f56bfc062723c751e8b465ee728b)
Start importing Assets/Sprites/Demos/Score.png using Guid(b748860c613af334c965bdb4203a3401) Importer(815301076,1909f56bfc062723c751e8b465ee728b)  -> (artifact id: '7ae6352a8568d23dd7e91242adc71e3b') in 0.021447 seconds
  Import took 0.024921 seconds .

========================================================================
Received Import Request.
  Time since last request: 0.000353 seconds.
  path: Assets/Sprites/Demos/Maze2.png
  artifactKey: Guid(5b37005b62be3c048badc4544a2739b3) Importer(815301076,1909f56bfc062723c751e8b465ee728b)
Start importing Assets/Sprites/Demos/Maze2.png using Guid(5b37005b62be3c048badc4544a2739b3) Importer(815301076,1909f56bfc062723c751e8b465ee728b)  -> (artifact id: 'fb8021d80c9ed874f4b55b35613a0e4b') in 0.023762 seconds
  Import took 0.027241 seconds .
>>>>>>> 9e62278bf6dbc1d9ae6066865d1b8b3e85958bb2

========================================================================
Received Import Request.
  Time since last request: 0.000363 seconds.
<<<<<<< HEAD
  path: Packages/com.unity.2d.spriteshape/Editor/ObjectMenuCreation/DefaultAssets/Sprite Shapes/Open Sprite Shape.prefab
  artifactKey: Guid(86ae7de409eb54f619fb1328e4d42480) Importer(815301076,1909f56bfc062723c751e8b465ee728b)
Start importing Packages/com.unity.2d.spriteshape/Editor/ObjectMenuCreation/DefaultAssets/Sprite Shapes/Open Sprite Shape.prefab using Guid(86ae7de409eb54f619fb1328e4d42480) Importer(815301076,1909f56bfc062723c751e8b465ee728b)  -> (artifact id: 'd912c63d20c539a5b8c4438788079caa') in 0.010257 seconds
  Import took 0.013617 seconds .

========================================================================
Received Prepare
Registering precompiled user dll's ...
Registered in 0.000940 seconds.
Begin MonoManager ReloadAssembly
Native extension for WindowsStandalone target not found
Native extension for WebGL target not found
Refreshing native plugins compatible for Editor in 0.38 ms, found 1 plugins.
Preloading 0 native plugins for Editor in 0.00 ms.
Invoked RoslynAnalysisRunner static constructor.
RoslynAnalysisRunner will not be running.
RoslynAnalysisRunner has terminated.
Mono: successfully reloaded assembly
- Completed reload, in  0.997 seconds
Platform modules already initialized, skipping
Refreshing native plugins compatible for Editor in 0.38 ms, found 1 plugins.
Preloading 0 native plugins for Editor in 0.00 ms.
Unloading 1807 Unused Serialized files (Serialized files now loaded: 0)
System memory in use before: 88.0 MB.
System memory in use after: 88.0 MB.

Unloading 12 unused Assets to reduce memory usage. Loaded Objects now: 2283.
Total: 2.236900 ms (FindLiveObjects: 0.192800 ms CreateObjectMapping: 0.101800 ms MarkObjects: 1.834200 ms  DeleteObjects: 0.106600 ms)

========================================================================
Received Prepare
Registering precompiled user dll's ...
Registered in 0.000989 seconds.
Begin MonoManager ReloadAssembly
Native extension for WindowsStandalone target not found
Native extension for WebGL target not found
Refreshing native plugins compatible for Editor in 0.36 ms, found 1 plugins.
Preloading 0 native plugins for Editor in 0.00 ms.
Invoked RoslynAnalysisRunner static constructor.
RoslynAnalysisRunner will not be running.
RoslynAnalysisRunner has terminated.
Mono: successfully reloaded assembly
- Completed reload, in  0.961 seconds
Platform modules already initialized, skipping
Refreshing native plugins compatible for Editor in 0.36 ms, found 1 plugins.
Preloading 0 native plugins for Editor in 0.00 ms.
Unloading 1807 Unused Serialized files (Serialized files now loaded: 0)
System memory in use before: 88.1 MB.
System memory in use after: 88.1 MB.

Unloading 12 unused Assets to reduce memory usage. Loaded Objects now: 2287.
Total: 2.812700 ms (FindLiveObjects: 0.254000 ms CreateObjectMapping: 0.128200 ms MarkObjects: 2.298200 ms  DeleteObjects: 0.130400 ms)

========================================================================
Received Import Request.
  Time since last request: 147.383218 seconds.
  path: Assets/Sprites/Demos
  artifactKey: Guid(d38a1fb651ad37540a14ca7f97d076b8) Importer(815301076,1909f56bfc062723c751e8b465ee728b)
Start importing Assets/Sprites/Demos using Guid(d38a1fb651ad37540a14ca7f97d076b8) Importer(815301076,1909f56bfc062723c751e8b465ee728b)  -> (artifact id: '479947f85203254577dc40929c577560') in 0.011636 seconds
  Import took 0.015644 seconds .

========================================================================
Received Import Request.
  Time since last request: 3.808726 seconds.
  path: Assets/Sprites/Demos/mapa_tudo.png
  artifactKey: Guid(f25ba968618d00c4c8f3ba48f68bbafa) Importer(815301076,1909f56bfc062723c751e8b465ee728b)
Start importing Assets/Sprites/Demos/mapa_tudo.png using Guid(f25ba968618d00c4c8f3ba48f68bbafa) Importer(815301076,1909f56bfc062723c751e8b465ee728b)  -> (artifact id: '9e4d2035c4f517761455b80b217fa694') in 0.065962 seconds
  Import took 0.069358 seconds .

========================================================================
Received Import Request.
  Time since last request: 4.087357 seconds.
  path: Assets/Sprites/Demos/Game.png
  artifactKey: Guid(f25ba968618d00c4c8f3ba48f68bbafa) Importer(815301076,1909f56bfc062723c751e8b465ee728b)
Start importing Assets/Sprites/Demos/Game.png using Guid(f25ba968618d00c4c8f3ba48f68bbafa) Importer(815301076,1909f56bfc062723c751e8b465ee728b)  -> (artifact id: 'c207d5504a62c7544e5bb700a3f2388c') in 0.074986 seconds
  Import took 0.081262 seconds .

========================================================================
Received Import Request.
  Time since last request: 8.147149 seconds.
  path: Assets/Sprites/Demos/Game.png
  artifactKey: Guid(f25ba968618d00c4c8f3ba48f68bbafa) Importer(815301076,1909f56bfc062723c751e8b465ee728b)
Start importing Assets/Sprites/Demos/Game.png using Guid(f25ba968618d00c4c8f3ba48f68bbafa) Importer(815301076,1909f56bfc062723c751e8b465ee728b)  -> (artifact id: 'cfaaeec947e37414e6a56f40693606df') in 0.024185 seconds
  Import took 0.028526 seconds .

========================================================================
Received Import Request.
  Time since last request: 50.799383 seconds.
  path: Assets/Sprites/Demos/Game.png
  artifactKey: Guid(f25ba968618d00c4c8f3ba48f68bbafa) Importer(815301076,1909f56bfc062723c751e8b465ee728b)
Start importing Assets/Sprites/Demos/Game.png using Guid(f25ba968618d00c4c8f3ba48f68bbafa) Importer(815301076,1909f56bfc062723c751e8b465ee728b)  -> (artifact id: 'd31cc135c988a04cde581b0bb3769e38') in 0.017207 seconds
  Import took 0.020659 seconds .

========================================================================
Received Import Request.
  Time since last request: 0.000941 seconds.
  path: Assets/Sprites/Demos/Game.png
  artifactKey: Guid(f25ba968618d00c4c8f3ba48f68bbafa) Importer(815301076,1909f56bfc062723c751e8b465ee728b)
Start importing Assets/Sprites/Demos/Game.png using Guid(f25ba968618d00c4c8f3ba48f68bbafa) Importer(815301076,1909f56bfc062723c751e8b465ee728b)  -> (artifact id: 'd31cc135c988a04cde581b0bb3769e38') in 0.019979 seconds
  Import took 0.023230 seconds .

========================================================================
Received Import Request.
  Time since last request: 36.785580 seconds.
  path: Assets/Sprites/Demos/Game.png
  artifactKey: Guid(f25ba968618d00c4c8f3ba48f68bbafa) Importer(815301076,1909f56bfc062723c751e8b465ee728b)
Start importing Assets/Sprites/Demos/Game.png using Guid(f25ba968618d00c4c8f3ba48f68bbafa) Importer(815301076,1909f56bfc062723c751e8b465ee728b)  -> (artifact id: '4bae4d3461597163314383d13f3cec5d') in 0.035491 seconds
  Import took 0.041786 seconds .

========================================================================
Received Import Request.
  Time since last request: 96.342094 seconds.
  path: Assets/Sprites/DirectionImage.png
  artifactKey: Guid(a6e20fedda5bbc84c87710d701def0f2) Importer(815301076,1909f56bfc062723c751e8b465ee728b)
Start importing Assets/Sprites/DirectionImage.png using Guid(a6e20fedda5bbc84c87710d701def0f2) Importer(815301076,1909f56bfc062723c751e8b465ee728b)  -> (artifact id: 'd9662459bd5e9889903ca834fbd6933f') in 0.017271 seconds
  Import took 0.021002 seconds .

========================================================================
Received Import Request.
  Time since last request: 89.318980 seconds.
  path: Assets/Sprites/LifeIcon 1.png
  artifactKey: Guid(d87b467c689045d4686679825f78404d) Importer(815301076,1909f56bfc062723c751e8b465ee728b)
Start importing Assets/Sprites/LifeIcon 1.png using Guid(d87b467c689045d4686679825f78404d) Importer(815301076,1909f56bfc062723c751e8b465ee728b)  -> (artifact id: '8f89a057a9a5b6c404362c464ed62001') in 0.022692 seconds
  Import took 0.026687 seconds .

========================================================================
Received Import Request.
  Time since last request: 0.002912 seconds.
  path: Assets/Sprites/LifeIcon 1.png
  artifactKey: Guid(d87b467c689045d4686679825f78404d) Importer(815301076,1909f56bfc062723c751e8b465ee728b)
Start importing Assets/Sprites/LifeIcon 1.png using Guid(d87b467c689045d4686679825f78404d) Importer(815301076,1909f56bfc062723c751e8b465ee728b)  -> (artifact id: '8f89a057a9a5b6c404362c464ed62001') in 0.013043 seconds
  Import took 0.016595 seconds .

========================================================================
Received Import Request.
  Time since last request: 1.493292 seconds.
  path: Assets/Sprites/osso.png
  artifactKey: Guid(8fdd6beea7ebc3340a9c7fed749637e2) Importer(815301076,1909f56bfc062723c751e8b465ee728b)
Start importing Assets/Sprites/osso.png using Guid(8fdd6beea7ebc3340a9c7fed749637e2) Importer(815301076,1909f56bfc062723c751e8b465ee728b)  -> (artifact id: '5c21be219a07ddc97a820974def80a47') in 0.025088 seconds
  Import took 0.028743 seconds .

========================================================================
Received Import Request.
  Time since last request: 0.003994 seconds.
  path: Assets/Sprites/osso.png
  artifactKey: Guid(8fdd6beea7ebc3340a9c7fed749637e2) Importer(815301076,1909f56bfc062723c751e8b465ee728b)
Start importing Assets/Sprites/osso.png using Guid(8fdd6beea7ebc3340a9c7fed749637e2) Importer(815301076,1909f56bfc062723c751e8b465ee728b)  -> (artifact id: '5c21be219a07ddc97a820974def80a47') in 0.017326 seconds
  Import took 0.020951 seconds .

========================================================================
Received Import Request.
  Time since last request: 13.655271 seconds.
  path: Assets/Sprites/fundo_score.png
  artifactKey: Guid(1176bfb92c71ce74b950614a8f51f2d1) Importer(815301076,1909f56bfc062723c751e8b465ee728b)
Start importing Assets/Sprites/fundo_score.png using Guid(1176bfb92c71ce74b950614a8f51f2d1) Importer(815301076,1909f56bfc062723c751e8b465ee728b)  -> (artifact id: 'dd98decea5b64771b53be08737b72f1d') in 0.021908 seconds
  Import took 0.025908 seconds .

========================================================================
Received Import Request.
  Time since last request: 0.003367 seconds.
  path: Assets/Sprites/fundo_score.png
  artifactKey: Guid(1176bfb92c71ce74b950614a8f51f2d1) Importer(815301076,1909f56bfc062723c751e8b465ee728b)
Start importing Assets/Sprites/fundo_score.png using Guid(1176bfb92c71ce74b950614a8f51f2d1) Importer(815301076,1909f56bfc062723c751e8b465ee728b)  -> (artifact id: 'dd98decea5b64771b53be08737b72f1d') in 0.011377 seconds
  Import took 0.014926 seconds .

========================================================================
Received Import Request.
  Time since last request: 114.761029 seconds.
  path: Assets/Sprites/Bone.png
  artifactKey: Guid(8fdd6beea7ebc3340a9c7fed749637e2) Importer(815301076,1909f56bfc062723c751e8b465ee728b)
Start importing Assets/Sprites/Bone.png using Guid(8fdd6beea7ebc3340a9c7fed749637e2) Importer(815301076,1909f56bfc062723c751e8b465ee728b)  -> (artifact id: '42b21773ff4e90fcd6e9d693ba6f4ad7') in 0.026466 seconds
  Import took 0.030494 seconds .

========================================================================
Received Import Request.
  Time since last request: 3.738613 seconds.
  path: Assets/Sprites/Chest.png
  artifactKey: Guid(d1f0da97ecea1f64eaf0f0e0391f1864) Importer(815301076,1909f56bfc062723c751e8b465ee728b)
Start importing Assets/Sprites/Chest.png using Guid(d1f0da97ecea1f64eaf0f0e0391f1864) Importer(815301076,1909f56bfc062723c751e8b465ee728b)  -> (artifact id: 'bf189ba50bf3c85ad3f53c16d5666b96') in 0.039039 seconds
  Import took 0.042501 seconds .

========================================================================
Received Import Request.
  Time since last request: 15.665106 seconds.
  path: Assets/Sprites/Bone.png
  artifactKey: Guid(8fdd6beea7ebc3340a9c7fed749637e2) Importer(815301076,1909f56bfc062723c751e8b465ee728b)
Start importing Assets/Sprites/Bone.png using Guid(8fdd6beea7ebc3340a9c7fed749637e2) Importer(815301076,1909f56bfc062723c751e8b465ee728b)  -> (artifact id: '347c634c6eb7a116f3de210513f39246') in 0.017805 seconds
  Import took 0.021640 seconds .

========================================================================
Received Import Request.
  Time since last request: 2.953101 seconds.
  path: Assets/Sprites/Bone.png
  artifactKey: Guid(8fdd6beea7ebc3340a9c7fed749637e2) Importer(815301076,1909f56bfc062723c751e8b465ee728b)
Start importing Assets/Sprites/Bone.png using Guid(8fdd6beea7ebc3340a9c7fed749637e2) Importer(815301076,1909f56bfc062723c751e8b465ee728b)  -> (artifact id: '36559f214d1224c29bdc177c991646f1') in 0.017470 seconds
  Import took 0.021411 seconds .

========================================================================
Received Import Request.
  Time since last request: 2.569170 seconds.
  path: Assets/Sprites/Bone.png
  artifactKey: Guid(8fdd6beea7ebc3340a9c7fed749637e2) Importer(815301076,1909f56bfc062723c751e8b465ee728b)
Start importing Assets/Sprites/Bone.png using Guid(8fdd6beea7ebc3340a9c7fed749637e2) Importer(815301076,1909f56bfc062723c751e8b465ee728b)  -> (artifact id: '10d5b4b02026cdd9919b7d1019de76ae') in 0.018406 seconds
  Import took 0.022130 seconds .

========================================================================
Received Import Request.
  Time since last request: 2.687718 seconds.
  path: Assets/Sprites/Bone.png
  artifactKey: Guid(8fdd6beea7ebc3340a9c7fed749637e2) Importer(815301076,1909f56bfc062723c751e8b465ee728b)
Start importing Assets/Sprites/Bone.png using Guid(8fdd6beea7ebc3340a9c7fed749637e2) Importer(815301076,1909f56bfc062723c751e8b465ee728b)  -> (artifact id: '8e2561843b9757c249977dc257832b45') in 0.019911 seconds
  Import took 0.024138 seconds .

========================================================================
Received Import Request.
  Time since last request: 39.690581 seconds.
  path: Assets/Sprites/ScoreSquare.png
  artifactKey: Guid(1176bfb92c71ce74b950614a8f51f2d1) Importer(815301076,1909f56bfc062723c751e8b465ee728b)
Start importing Assets/Sprites/ScoreSquare.png using Guid(1176bfb92c71ce74b950614a8f51f2d1) Importer(815301076,1909f56bfc062723c751e8b465ee728b)  -> (artifact id: '1e62dc4d739581a27700b23bbd48de56') in 0.023283 seconds
  Import took 0.027647 seconds .

========================================================================
Received Import Request.
  Time since last request: 8.701260 seconds.
  path: Assets/Sprites/ScoreSquare.png
  artifactKey: Guid(1176bfb92c71ce74b950614a8f51f2d1) Importer(815301076,1909f56bfc062723c751e8b465ee728b)
Start importing Assets/Sprites/ScoreSquare.png using Guid(1176bfb92c71ce74b950614a8f51f2d1) Importer(815301076,1909f56bfc062723c751e8b465ee728b)  -> (artifact id: '687889c010337a5031dc7bc99f5022e9') in 0.010928 seconds
  Import took 0.014434 seconds .

========================================================================
Received Import Request.
  Time since last request: 3.786274 seconds.
  path: Assets/Sprites/ScoreSquare.png
  artifactKey: Guid(1176bfb92c71ce74b950614a8f51f2d1) Importer(815301076,1909f56bfc062723c751e8b465ee728b)
Start importing Assets/Sprites/ScoreSquare.png using Guid(1176bfb92c71ce74b950614a8f51f2d1) Importer(815301076,1909f56bfc062723c751e8b465ee728b)  -> (artifact id: 'f10446f2b508b38e53287690ae601786') in 0.011515 seconds
  Import took 0.015185 seconds .

========================================================================
Received Import Request.
  Time since last request: 0.006353 seconds.
  path: Assets/Sprites/ScoreSquare.png
  artifactKey: Guid(1176bfb92c71ce74b950614a8f51f2d1) Importer(815301076,1909f56bfc062723c751e8b465ee728b)
Start importing Assets/Sprites/ScoreSquare.png using Guid(1176bfb92c71ce74b950614a8f51f2d1) Importer(815301076,1909f56bfc062723c751e8b465ee728b)  -> (artifact id: 'f10446f2b508b38e53287690ae601786') in 0.013422 seconds
  Import took 0.016977 seconds .

========================================================================
Received Import Request.
  Time since last request: 3.664991 seconds.
  path: Assets/Sprites/ScoreSquare.png
  artifactKey: Guid(1176bfb92c71ce74b950614a8f51f2d1) Importer(815301076,1909f56bfc062723c751e8b465ee728b)
Start importing Assets/Sprites/ScoreSquare.png using Guid(1176bfb92c71ce74b950614a8f51f2d1) Importer(815301076,1909f56bfc062723c751e8b465ee728b)  -> (artifact id: '25c3800a605ab5536c10e3e1fe3674fd') in 0.012400 seconds
  Import took 0.015790 seconds .

========================================================================
Received Import Request.
  Time since last request: 13.410269 seconds.
  path: Assets/Sprites/ScoreSquare.png
  artifactKey: Guid(1176bfb92c71ce74b950614a8f51f2d1) Importer(815301076,1909f56bfc062723c751e8b465ee728b)
Start importing Assets/Sprites/ScoreSquare.png using Guid(1176bfb92c71ce74b950614a8f51f2d1) Importer(815301076,1909f56bfc062723c751e8b465ee728b)  -> (artifact id: '8fcaa46e5274b8e545ac0f8d0e8199d9') in 0.011269 seconds
  Import took 0.014685 seconds .

========================================================================
Received Import Request.
  Time since last request: 0.005514 seconds.
  path: Assets/Sprites/ScoreSquare.png
  artifactKey: Guid(1176bfb92c71ce74b950614a8f51f2d1) Importer(815301076,1909f56bfc062723c751e8b465ee728b)
Start importing Assets/Sprites/ScoreSquare.png using Guid(1176bfb92c71ce74b950614a8f51f2d1) Importer(815301076,1909f56bfc062723c751e8b465ee728b)  -> (artifact id: '8fcaa46e5274b8e545ac0f8d0e8199d9') in 0.012942 seconds
  Import took 0.016367 seconds .

========================================================================
Received Import Request.
  Time since last request: 30.707661 seconds.
  path: Assets/Sprites/LifeIcon.png
  artifactKey: Guid(83a5a977c6ed78544b03d45692a73de7) Importer(815301076,1909f56bfc062723c751e8b465ee728b)
Start importing Assets/Sprites/LifeIcon.png using Guid(83a5a977c6ed78544b03d45692a73de7) Importer(815301076,1909f56bfc062723c751e8b465ee728b)  -> (artifact id: 'e827b91b58de865aeeea1483747d12c7') in 0.013612 seconds
  Import took 0.017069 seconds .

========================================================================
Received Import Request.
  Time since last request: 3.994009 seconds.
  path: Assets/Sprites/LifeIcon.png
  artifactKey: Guid(83a5a977c6ed78544b03d45692a73de7) Importer(815301076,1909f56bfc062723c751e8b465ee728b)
Start importing Assets/Sprites/LifeIcon.png using Guid(83a5a977c6ed78544b03d45692a73de7) Importer(815301076,1909f56bfc062723c751e8b465ee728b)  -> (artifact id: '7d45ad3d870bfafaf72ca39510254ef2') in 0.016395 seconds
  Import took 0.021865 seconds .

========================================================================
Received Import Request.
  Time since last request: 0.007714 seconds.
  path: Assets/Sprites/LifeIcon.png
  artifactKey: Guid(83a5a977c6ed78544b03d45692a73de7) Importer(815301076,1909f56bfc062723c751e8b465ee728b)
Start importing Assets/Sprites/LifeIcon.png using Guid(83a5a977c6ed78544b03d45692a73de7) Importer(815301076,1909f56bfc062723c751e8b465ee728b)  -> (artifact id: '7d45ad3d870bfafaf72ca39510254ef2') in 0.011303 seconds
  Import took 0.014863 seconds .

========================================================================
Received Import Request.
  Time since last request: 17.195436 seconds.
  path: Assets/Sprites/LifeBar.png
  artifactKey: Guid(b0b847290e4424447b0344af9519f002) Importer(815301076,1909f56bfc062723c751e8b465ee728b)
Start importing Assets/Sprites/LifeBar.png using Guid(b0b847290e4424447b0344af9519f002) Importer(815301076,1909f56bfc062723c751e8b465ee728b)  -> (artifact id: '9e537e788347f863526425cf775451c0') in 0.013227 seconds
  Import took 0.016719 seconds .

========================================================================
Received Import Request.
  Time since last request: 12.628253 seconds.
  path: Assets/Sprites/LifeBar.png
  artifactKey: Guid(b0b847290e4424447b0344af9519f002) Importer(815301076,1909f56bfc062723c751e8b465ee728b)
Start importing Assets/Sprites/LifeBar.png using Guid(b0b847290e4424447b0344af9519f002) Importer(815301076,1909f56bfc062723c751e8b465ee728b)  -> (artifact id: '8b8977038df5e422b180c1966b57a296') in 0.011233 seconds
  Import took 0.014694 seconds .

========================================================================
Received Import Request.
  Time since last request: 3.639151 seconds.
  path: Assets/Sprites/LifeBar.png
  artifactKey: Guid(b0b847290e4424447b0344af9519f002) Importer(815301076,1909f56bfc062723c751e8b465ee728b)
Start importing Assets/Sprites/LifeBar.png using Guid(b0b847290e4424447b0344af9519f002) Importer(815301076,1909f56bfc062723c751e8b465ee728b)  -> (artifact id: '13ac6e2e2de6eaacf5dbac465958c810') in 0.015635 seconds
  Import took 0.019150 seconds .

========================================================================
Received Import Request.
  Time since last request: 478.675137 seconds.
  path: Assets/Fonts
  artifactKey: Guid(8c93dd81a9c0f564abe2343ad14356b5) Importer(815301076,1909f56bfc062723c751e8b465ee728b)
Start importing Assets/Fonts using Guid(8c93dd81a9c0f564abe2343ad14356b5) Importer(815301076,1909f56bfc062723c751e8b465ee728b)  -> (artifact id: 'db8307e5240715592ca7a5ec69b56295') in 0.008856 seconds
  Import took 0.013017 seconds .

========================================================================
Received Import Request.
  Time since last request: 9.430531 seconds.
  path: Assets/Fonts/emulogic.ttf
  artifactKey: Guid(a15d9bef392ee9040b425480bcaa1bfb) Importer(815301076,1909f56bfc062723c751e8b465ee728b)
Start importing Assets/Fonts/emulogic.ttf using Guid(a15d9bef392ee9040b425480bcaa1bfb) Importer(815301076,1909f56bfc062723c751e8b465ee728b)  -> (artifact id: '7af7ac1c40379fd988eeadc52f92818b') in 0.069438 seconds
  Import took 0.073078 seconds .

========================================================================
Received Import Request.
  Time since last request: 0.000349 seconds.
  path: Assets/Fonts/rainyhearts.ttf
  artifactKey: Guid(6a91d27d6c166fb43aca4411b6b12848) Importer(815301076,1909f56bfc062723c751e8b465ee728b)
Start importing Assets/Fonts/rainyhearts.ttf using Guid(6a91d27d6c166fb43aca4411b6b12848) Importer(815301076,1909f56bfc062723c751e8b465ee728b)  -> (artifact id: 'cb61801df4e4b170e3375ed8e118ddaa') in 0.016535 seconds
  Import took 0.019995 seconds .

========================================================================
Received Prepare
Registering precompiled user dll's ...
Registered in 0.001002 seconds.
Begin MonoManager ReloadAssembly
Native extension for WindowsStandalone target not found
Native extension for WebGL target not found
Refreshing native plugins compatible for Editor in 0.38 ms, found 1 plugins.
Preloading 0 native plugins for Editor in 0.00 ms.
Invoked RoslynAnalysisRunner static constructor.
RoslynAnalysisRunner will not be running.
RoslynAnalysisRunner has terminated.
Mono: successfully reloaded assembly
- Completed reload, in  0.960 seconds
Platform modules already initialized, skipping
Refreshing native plugins compatible for Editor in 0.37 ms, found 1 plugins.
Preloading 0 native plugins for Editor in 0.00 ms.
Unloading 1807 Unused Serialized files (Serialized files now loaded: 0)
System memory in use before: 88.5 MB.
System memory in use after: 88.5 MB.

Unloading 12 unused Assets to reduce memory usage. Loaded Objects now: 2343.
Total: 2.575000 ms (FindLiveObjects: 0.241300 ms CreateObjectMapping: 0.106300 ms MarkObjects: 2.107600 ms  DeleteObjects: 0.118400 ms)

========================================================================
Received Prepare
Registering precompiled user dll's ...
Registered in 0.000924 seconds.
Begin MonoManager ReloadAssembly
Native extension for WindowsStandalone target not found
Native extension for WebGL target not found
Refreshing native plugins compatible for Editor in 0.37 ms, found 1 plugins.
Preloading 0 native plugins for Editor in 0.00 ms.
Invoked RoslynAnalysisRunner static constructor.
RoslynAnalysisRunner will not be running.
RoslynAnalysisRunner has terminated.
Mono: successfully reloaded assembly
- Completed reload, in  0.976 seconds
Platform modules already initialized, skipping
Refreshing native plugins compatible for Editor in 0.37 ms, found 1 plugins.
Preloading 0 native plugins for Editor in 0.00 ms.
Unloading 1807 Unused Serialized files (Serialized files now loaded: 0)
System memory in use before: 88.5 MB.
System memory in use after: 88.5 MB.

Unloading 12 unused Assets to reduce memory usage. Loaded Objects now: 2347.
Total: 6.593200 ms (FindLiveObjects: 0.578100 ms CreateObjectMapping: 0.305900 ms MarkObjects: 5.364600 ms  DeleteObjects: 0.340700 ms)

========================================================================
Received Prepare
Registering precompiled user dll's ...
Registered in 0.001062 seconds.
Begin MonoManager ReloadAssembly
Native extension for WindowsStandalone target not found
Native extension for WebGL target not found
Refreshing native plugins compatible for Editor in 0.38 ms, found 1 plugins.
Preloading 0 native plugins for Editor in 0.00 ms.
Invoked RoslynAnalysisRunner static constructor.
RoslynAnalysisRunner will not be running.
RoslynAnalysisRunner has terminated.
Mono: successfully reloaded assembly
- Completed reload, in  0.949 seconds
Platform modules already initialized, skipping
Refreshing native plugins compatible for Editor in 0.37 ms, found 1 plugins.
Preloading 0 native plugins for Editor in 0.00 ms.
Unloading 1807 Unused Serialized files (Serialized files now loaded: 0)
System memory in use before: 88.5 MB.
System memory in use after: 88.5 MB.

Unloading 12 unused Assets to reduce memory usage. Loaded Objects now: 2351.
Total: 2.657800 ms (FindLiveObjects: 0.329900 ms CreateObjectMapping: 0.131400 ms MarkObjects: 2.065800 ms  DeleteObjects: 0.129500 ms)

========================================================================
Received Prepare
Registering precompiled user dll's ...
Registered in 0.001029 seconds.
Begin MonoManager ReloadAssembly
Native extension for WindowsStandalone target not found
Native extension for WebGL target not found
Refreshing native plugins compatible for Editor in 0.38 ms, found 1 plugins.
Preloading 0 native plugins for Editor in 0.00 ms.
Invoked RoslynAnalysisRunner static constructor.
RoslynAnalysisRunner will not be running.
RoslynAnalysisRunner has terminated.
Mono: successfully reloaded assembly
- Completed reload, in  0.935 seconds
Platform modules already initialized, skipping
Refreshing native plugins compatible for Editor in 0.39 ms, found 1 plugins.
Preloading 0 native plugins for Editor in 0.00 ms.
Unloading 1807 Unused Serialized files (Serialized files now loaded: 0)
System memory in use before: 88.5 MB.
System memory in use after: 88.5 MB.

Unloading 12 unused Assets to reduce memory usage. Loaded Objects now: 2355.
Total: 2.624500 ms (FindLiveObjects: 0.224100 ms CreateObjectMapping: 0.088100 ms MarkObjects: 2.195700 ms  DeleteObjects: 0.115600 ms)

========================================================================
Received Prepare
Registering precompiled user dll's ...
Registered in 0.000938 seconds.
Begin MonoManager ReloadAssembly
Native extension for WindowsStandalone target not found
Native extension for WebGL target not found
Refreshing native plugins compatible for Editor in 0.38 ms, found 1 plugins.
Preloading 0 native plugins for Editor in 0.00 ms.
Invoked RoslynAnalysisRunner static constructor.
RoslynAnalysisRunner will not be running.
RoslynAnalysisRunner has terminated.
Mono: successfully reloaded assembly
- Completed reload, in  0.965 seconds
Platform modules already initialized, skipping
Refreshing native plugins compatible for Editor in 0.39 ms, found 1 plugins.
Preloading 0 native plugins for Editor in 0.00 ms.
Unloading 1807 Unused Serialized files (Serialized files now loaded: 0)
System memory in use before: 88.5 MB.
System memory in use after: 88.5 MB.

Unloading 12 unused Assets to reduce memory usage. Loaded Objects now: 2359.
Total: 3.055400 ms (FindLiveObjects: 0.350700 ms CreateObjectMapping: 0.151600 ms MarkObjects: 2.426900 ms  DeleteObjects: 0.124900 ms)

========================================================================
Received Prepare
Registering precompiled user dll's ...
Registered in 0.001562 seconds.
Begin MonoManager ReloadAssembly
Native extension for WindowsStandalone target not found
Native extension for WebGL target not found
Refreshing native plugins compatible for Editor in 0.39 ms, found 1 plugins.
Preloading 0 native plugins for Editor in 0.00 ms.
Invoked RoslynAnalysisRunner static constructor.
RoslynAnalysisRunner will not be running.
RoslynAnalysisRunner has terminated.
Mono: successfully reloaded assembly
- Completed reload, in  1.009 seconds
Platform modules already initialized, skipping
Refreshing native plugins compatible for Editor in 0.39 ms, found 1 plugins.
Preloading 0 native plugins for Editor in 0.00 ms.
Unloading 1809 Unused Serialized files (Serialized files now loaded: 0)
System memory in use before: 88.6 MB.
System memory in use after: 88.6 MB.

Unloading 12 unused Assets to reduce memory usage. Loaded Objects now: 2365.
Total: 2.666800 ms (FindLiveObjects: 0.266200 ms CreateObjectMapping: 0.111700 ms MarkObjects: 2.137700 ms  DeleteObjects: 0.149900 ms)

========================================================================
Received Import Request.
  Time since last request: 882.760045 seconds.
  path: Assets/Scripts/UIManager.cs
  artifactKey: Guid(59ba37618ef14dc48834c984e1b757f2) Importer(815301076,1909f56bfc062723c751e8b465ee728b)
Start importing Assets/Scripts/UIManager.cs using Guid(59ba37618ef14dc48834c984e1b757f2) Importer(815301076,1909f56bfc062723c751e8b465ee728b)  -> (artifact id: '9a412ea6f2f4bea521296886ef8bdd73') in 0.012011 seconds
  Import took 0.015689 seconds .

========================================================================
Received Prepare
Registering precompiled user dll's ...
Registered in 0.000906 seconds.
Begin MonoManager ReloadAssembly
Native extension for WindowsStandalone target not found
Native extension for WebGL target not found
Refreshing native plugins compatible for Editor in 0.41 ms, found 1 plugins.
Preloading 0 native plugins for Editor in 0.00 ms.
Invoked RoslynAnalysisRunner static constructor.
RoslynAnalysisRunner will not be running.
RoslynAnalysisRunner has terminated.
Mono: successfully reloaded assembly
- Completed reload, in  0.976 seconds
Platform modules already initialized, skipping
Refreshing native plugins compatible for Editor in 0.38 ms, found 1 plugins.
Preloading 0 native plugins for Editor in 0.00 ms.
Unloading 1809 Unused Serialized files (Serialized files now loaded: 0)
System memory in use before: 88.6 MB.
System memory in use after: 88.6 MB.

Unloading 12 unused Assets to reduce memory usage. Loaded Objects now: 2369.
Total: 6.573000 ms (FindLiveObjects: 0.462000 ms CreateObjectMapping: 0.228300 ms MarkObjects: 5.595900 ms  DeleteObjects: 0.284200 ms)

========================================================================
Received Import Request.
  Time since last request: 87.486854 seconds.
  path: Assets/Scenes/Game.unity
  artifactKey: Guid(2cda990e2423bbf4892e6590ba056729) Importer(815301076,1909f56bfc062723c751e8b465ee728b)
Start importing Assets/Scenes/Game.unity using Guid(2cda990e2423bbf4892e6590ba056729) Importer(815301076,1909f56bfc062723c751e8b465ee728b)  -> (artifact id: '5cddf0664282f02cab7b27dd779b5138') in 0.026592 seconds
  Import took 0.031239 seconds .

========================================================================
Received Import Request.
  Time since last request: 1.130284 seconds.
  path: Assets/Scenes/Lost.unity
  artifactKey: Guid(99d184fd8350ed44595ce7c8980d2aed) Importer(815301076,1909f56bfc062723c751e8b465ee728b)
Start importing Assets/Scenes/Lost.unity using Guid(99d184fd8350ed44595ce7c8980d2aed) Importer(815301076,1909f56bfc062723c751e8b465ee728b)  -> (artifact id: 'df7e811e987e9ae762635e1f1028f729') in 0.023151 seconds
  Import took 0.032442 seconds .

========================================================================
Received Prepare
Registering precompiled user dll's ...
Registered in 0.000989 seconds.
Begin MonoManager ReloadAssembly
Native extension for WindowsStandalone target not found
Native extension for WebGL target not found
Refreshing native plugins compatible for Editor in 0.38 ms, found 1 plugins.
Preloading 0 native plugins for Editor in 0.00 ms.
Invoked RoslynAnalysisRunner static constructor.
RoslynAnalysisRunner will not be running.
RoslynAnalysisRunner has terminated.
Mono: successfully reloaded assembly
- Completed reload, in  0.955 seconds
Platform modules already initialized, skipping
Refreshing native plugins compatible for Editor in 0.38 ms, found 1 plugins.
Preloading 0 native plugins for Editor in 0.00 ms.
Unloading 1809 Unused Serialized files (Serialized files now loaded: 0)
System memory in use before: 88.6 MB.
System memory in use after: 88.6 MB.

Unloading 12 unused Assets to reduce memory usage. Loaded Objects now: 2373.
Total: 2.657900 ms (FindLiveObjects: 0.277000 ms CreateObjectMapping: 0.115000 ms MarkObjects: 2.128100 ms  DeleteObjects: 0.136300 ms)

========================================================================
Received Import Request.
  Time since last request: 99.520643 seconds.
  path: Assets/Scripts/UIManager.cs
  artifactKey: Guid(59ba37618ef14dc48834c984e1b757f2) Importer(815301076,1909f56bfc062723c751e8b465ee728b)
Start importing Assets/Scripts/UIManager.cs using Guid(59ba37618ef14dc48834c984e1b757f2) Importer(815301076,1909f56bfc062723c751e8b465ee728b)  -> (artifact id: 'c86c19c74317a6c31ece4ffe4481f0b7') in 0.007130 seconds
  Import took 0.011661 seconds .
=======
  path: Assets/Sprites/Demos/Option.png
  artifactKey: Guid(6518b9b01f8db504a93486c61b14230f) Importer(815301076,1909f56bfc062723c751e8b465ee728b)
Start importing Assets/Sprites/Demos/Option.png using Guid(6518b9b01f8db504a93486c61b14230f) Importer(815301076,1909f56bfc062723c751e8b465ee728b)  -> (artifact id: 'fa3c09f01e234955077160e068fc5209') in 0.021109 seconds
  Import took 0.024948 seconds .

========================================================================
Received Import Request.
  Time since last request: 0.000387 seconds.
  path: Assets/Sprites/Demos/Game.png
  artifactKey: Guid(9a00350f262b6f544b789088ea9d4da6) Importer(815301076,1909f56bfc062723c751e8b465ee728b)
Start importing Assets/Sprites/Demos/Game.png using Guid(9a00350f262b6f544b789088ea9d4da6) Importer(815301076,1909f56bfc062723c751e8b465ee728b)  -> (artifact id: '3b55500700550f19bf2e5703953e15fb') in 0.022977 seconds
  Import took 0.026391 seconds .

========================================================================
Received Import Request.
  Time since last request: 0.000331 seconds.
  path: Assets/Sprites/Demos/Start.png
  artifactKey: Guid(df32d93b3fc09f5458343e923a7a3047) Importer(815301076,1909f56bfc062723c751e8b465ee728b)
Start importing Assets/Sprites/Demos/Start.png using Guid(df32d93b3fc09f5458343e923a7a3047) Importer(815301076,1909f56bfc062723c751e8b465ee728b)  -> (artifact id: 'cccd3d29880354bb7c4632e44e2659fd') in 0.020582 seconds
  Import took 0.024115 seconds .

========================================================================
Received Import Request.
  Time since last request: 0.000340 seconds.
  path: Assets/Sprites/Demos/Exit.png
  artifactKey: Guid(c11eea9dccbcf5f46a802f567c585861) Importer(815301076,1909f56bfc062723c751e8b465ee728b)
Start importing Assets/Sprites/Demos/Exit.png using Guid(c11eea9dccbcf5f46a802f567c585861) Importer(815301076,1909f56bfc062723c751e8b465ee728b)  -> (artifact id: '8536ebed7e01fae7f6cfb5e7248a68bb') in 0.022540 seconds
  Import took 0.026172 seconds .

========================================================================
Received Import Request.
  Time since last request: 16.889696 seconds.
  path: Assets/Scenes/Game.unity
  artifactKey: Guid(2cda990e2423bbf4892e6590ba056729) Importer(815301076,1909f56bfc062723c751e8b465ee728b)
Start importing Assets/Scenes/Game.unity using Guid(2cda990e2423bbf4892e6590ba056729) Importer(815301076,1909f56bfc062723c751e8b465ee728b)  -> (artifact id: '376a49b0a1ba727565d862d697f2afce') in 0.012191 seconds
  Import took 0.017707 seconds .

========================================================================
Received Import Request.
  Time since last request: 0.636020 seconds.
  path: Assets/Scenes/Experimental.unity
  artifactKey: Guid(9f15b813e3fbdc847a90de41f2ef6ff5) Importer(815301076,1909f56bfc062723c751e8b465ee728b)
Start importing Assets/Scenes/Experimental.unity using Guid(9f15b813e3fbdc847a90de41f2ef6ff5) Importer(815301076,1909f56bfc062723c751e8b465ee728b)  -> (artifact id: '12d4b1af07ced3673844310e1a420e70') in 0.015458 seconds
  Import took 0.022397 seconds .

========================================================================
Received Import Request.
  Time since last request: 28.495176 seconds.
  path: Assets/Sprites/Chest/009 treasure chests.png
  artifactKey: Guid(c7ecf4d5168d3f04c9581227dd042ee3) Importer(815301076,1909f56bfc062723c751e8b465ee728b)
Start importing Assets/Sprites/Chest/009 treasure chests.png using Guid(c7ecf4d5168d3f04c9581227dd042ee3) Importer(815301076,1909f56bfc062723c751e8b465ee728b)  -> (artifact id: '6f705f7426785558f7c927227cd6886d') in 0.023022 seconds
  Import took 0.029635 seconds .

========================================================================
Received Import Request.
  Time since last request: 0.000343 seconds.
  path: Assets/Sprites/Skeleton/attack2_1.png
  artifactKey: Guid(0af3f50aee348ed47a3e0fd6c4def7ec) Importer(815301076,1909f56bfc062723c751e8b465ee728b)
Start importing Assets/Sprites/Skeleton/attack2_1.png using Guid(0af3f50aee348ed47a3e0fd6c4def7ec) Importer(815301076,1909f56bfc062723c751e8b465ee728b)  -> (artifact id: '02fba9f336b53a9b9320588f64c62639') in 0.016279 seconds
  Import took 0.019807 seconds .

========================================================================
Received Import Request.
  Time since last request: 0.000371 seconds.
  path: Assets/Sprites/Chest/009 treasure chests.psd
  artifactKey: Guid(f8fb6dada4c56e2458e56d09bbd99cb0) Importer(815301076,1909f56bfc062723c751e8b465ee728b)
Start importing Assets/Sprites/Chest/009 treasure chests.psd using Guid(f8fb6dada4c56e2458e56d09bbd99cb0) Importer(815301076,1909f56bfc062723c751e8b465ee728b)  -> (artifact id: '72dc77375e140ceb4dc6282bb1b29c11') in 0.017933 seconds
  Import took 0.021653 seconds .

========================================================================
Received Import Request.
  Time since last request: 0.000358 seconds.
  path: Assets/Sprites/Skeleton/attack2_3.png
  artifactKey: Guid(6f282d1bd5c3e0f4183365dc35388e2a) Importer(815301076,1909f56bfc062723c751e8b465ee728b)
Start importing Assets/Sprites/Skeleton/attack2_3.png using Guid(6f282d1bd5c3e0f4183365dc35388e2a) Importer(815301076,1909f56bfc062723c751e8b465ee728b)  -> (artifact id: '40abb02522a37467ccdedd5046597f88') in 0.019716 seconds
  Import took 0.023147 seconds .

========================================================================
Received Import Request.
  Time since last request: 0.000356 seconds.
  path: Assets/Sprites/Chest/009 treasure chests.psd
  artifactKey: Guid(f8fb6dada4c56e2458e56d09bbd99cb0) Importer(815301076,1909f56bfc062723c751e8b465ee728b)
Start importing Assets/Sprites/Chest/009 treasure chests.psd using Guid(f8fb6dada4c56e2458e56d09bbd99cb0) Importer(815301076,1909f56bfc062723c751e8b465ee728b)  -> (artifact id: '72dc77375e140ceb4dc6282bb1b29c11') in 0.016057 seconds
  Import took 0.019612 seconds .

========================================================================
Received Import Request.
  Time since last request: 0.000332 seconds.
  path: Assets/Sprites/Chest/009 treasure chests.png
  artifactKey: Guid(c7ecf4d5168d3f04c9581227dd042ee3) Importer(815301076,1909f56bfc062723c751e8b465ee728b)
Start importing Assets/Sprites/Chest/009 treasure chests.png using Guid(c7ecf4d5168d3f04c9581227dd042ee3) Importer(815301076,1909f56bfc062723c751e8b465ee728b)  -> (artifact id: '6f705f7426785558f7c927227cd6886d') in 0.014971 seconds
  Import took 0.018359 seconds .

========================================================================
Received Import Request.
  Time since last request: 0.000359 seconds.
  path: Assets/Sprites/Skeleton/attack2_4.png
  artifactKey: Guid(982415fa3c45a144a8fc2a588b645112) Importer(815301076,1909f56bfc062723c751e8b465ee728b)
Start importing Assets/Sprites/Skeleton/attack2_4.png using Guid(982415fa3c45a144a8fc2a588b645112) Importer(815301076,1909f56bfc062723c751e8b465ee728b)  -> (artifact id: '5a939bedb093956c91504f8b87534b13') in 0.021867 seconds
  Import took 0.025205 seconds .

========================================================================
Received Import Request.
  Time since last request: 0.000382 seconds.
  path: Assets/Sprites/Skeleton/attack2_2.png
  artifactKey: Guid(635f808a8074f6c48abdd644174004b3) Importer(815301076,1909f56bfc062723c751e8b465ee728b)
Start importing Assets/Sprites/Skeleton/attack2_2.png using Guid(635f808a8074f6c48abdd644174004b3) Importer(815301076,1909f56bfc062723c751e8b465ee728b)  -> (artifact id: 'a6b10ed56a9104b0a69b292aa81ac5a7') in 0.020872 seconds
  Import took 0.024287 seconds .

========================================================================
Received Import Request.
  Time since last request: 0.000347 seconds.
  path: Assets/Sprites/Skeleton/attack1_6.png
  artifactKey: Guid(0bb5b378c4dca84439ee37916d737f48) Importer(815301076,1909f56bfc062723c751e8b465ee728b)
Start importing Assets/Sprites/Skeleton/attack1_6.png using Guid(0bb5b378c4dca84439ee37916d737f48) Importer(815301076,1909f56bfc062723c751e8b465ee728b)  -> (artifact id: 'f41bcfd031fd6422bfb568f6769be1b7') in 0.020447 seconds
  Import took 0.023711 seconds .

========================================================================
Received Import Request.
  Time since last request: 0.008558 seconds.
  path: Assets/Sprites/Skeleton/attack2_2.png
  artifactKey: Guid(635f808a8074f6c48abdd644174004b3) Importer(815301076,1909f56bfc062723c751e8b465ee728b)
Start importing Assets/Sprites/Skeleton/attack2_2.png using Guid(635f808a8074f6c48abdd644174004b3) Importer(815301076,1909f56bfc062723c751e8b465ee728b)  -> (artifact id: 'a6b10ed56a9104b0a69b292aa81ac5a7') in 0.012781 seconds
  Import took 0.016235 seconds .

========================================================================
Received Import Request.
  Time since last request: 65.079146 seconds.
  path: Assets/Sprites/Chest
  artifactKey: Guid(f77e9ca3daa341e47a5f1cfe1cd5e054) Importer(815301076,1909f56bfc062723c751e8b465ee728b)
Start importing Assets/Sprites/Chest using Guid(f77e9ca3daa341e47a5f1cfe1cd5e054) Importer(815301076,1909f56bfc062723c751e8b465ee728b)  -> (artifact id: '4f384fb1e92b1498da19e588edc35deb') in 0.008767 seconds
  Import took 0.013431 seconds .

========================================================================
Received Import Request.
  Time since last request: 0.001169 seconds.
  path: Assets/Sprites/Chest
  artifactKey: Guid(f77e9ca3daa341e47a5f1cfe1cd5e054) Importer(815301076,1909f56bfc062723c751e8b465ee728b)
Start importing Assets/Sprites/Chest using Guid(f77e9ca3daa341e47a5f1cfe1cd5e054) Importer(815301076,1909f56bfc062723c751e8b465ee728b)  -> (artifact id: '4f384fb1e92b1498da19e588edc35deb') in 0.003312 seconds
  Import took 0.007858 seconds .
>>>>>>> 9e62278bf6dbc1d9ae6066865d1b8b3e85958bb2

AssetImportWorkerClient::OnTransportError - code=2 error=End of file
